<?xml version="1.0" encoding="UTF-8"?>
<testsuites name="jest tests" tests="21" failures="0" errors="0" time="1.546">
  <testsuite name="AI Systems Integration Tests" errors="0" failures="0" skipped="0" timestamp="2025-12-29T02:57:05" time="1.496" tests="21">
    <testcase classname="AI Systems Integration Tests › Memory System" name="should initialize without errors" time="0.08">
    </testcase>
    <testcase classname="AI Systems Integration Tests › Memory System" name="should have required methods" time="0.006">
    </testcase>
    <testcase classname="AI Systems Integration Tests › Memory System" name="should gracefully handle ChromaDB unavailability" time="0.016">
    </testcase>
    <testcase classname="AI Systems Integration Tests › Chain System" name="should be initialized with default chains" time="0.003">
    </testcase>
    <testcase classname="AI Systems Integration Tests › Chain System" name="should have required methods" time="0.004">
    </testcase>
    <testcase classname="AI Systems Integration Tests › Chain System" name="should validate chain structure" time="0.004">
    </testcase>
    <testcase classname="AI Systems Integration Tests › Chain System" name="should handle custom chains" time="0.005">
    </testcase>
    <testcase classname="AI Systems Integration Tests › Agent System" name="should be initialized with default agents" time="0.003">
    </testcase>
    <testcase classname="AI Systems Integration Tests › Agent System" name="should have required methods" time="0.002">
    </testcase>
    <testcase classname="AI Systems Integration Tests › Agent System" name="should validate agent structure" time="0.004">
    </testcase>
    <testcase classname="AI Systems Integration Tests › Agent System" name="should have correct agent tools" time="0.004">
    </testcase>
    <testcase classname="AI Systems Integration Tests › Agent System" name="should validate research agent" time="0.003">
    </testcase>
    <testcase classname="AI Systems Integration Tests › Agent System" name="should validate coordinator agent" time="0.002">
    </testcase>
    <testcase classname="AI Systems Integration Tests › Integration Tests" name="agents can access memory system" time="0.002">
    </testcase>
    <testcase classname="AI Systems Integration Tests › Integration Tests" name="chains can integrate with memory and RAG" time="0.001">
    </testcase>
    <testcase classname="AI Systems Integration Tests › Integration Tests" name="coordinator agent can delegate to other agents" time="0.001">
    </testcase>
    <testcase classname="AI Systems Integration Tests › Error Handling" name="should handle missing agents gracefully" time="0.016">
    </testcase>
    <testcase classname="AI Systems Integration Tests › Error Handling" name="should handle missing chains gracefully" time="0.008">
    </testcase>
    <testcase classname="AI Systems Integration Tests › Error Handling" name="should handle memory system failures gracefully" time="0.007">
    </testcase>
    <testcase classname="AI Systems Integration Tests › Module Imports" name="all modules should import without errors" time="0.003">
    </testcase>
    <testcase classname="AI Systems Integration Tests › Module Imports" name="no circular dependency issues" time="0.001">
    </testcase>
  </testsuite>
</testsuites>