<?xml version="1.0" encoding="UTF-8"?>
<testsuites name="jest tests" tests="107" failures="0" errors="0" time="9.487">
  <testsuite name="Dashboard API" errors="0" failures="0" skipped="0" timestamp="2026-01-22T18:18:34" time="5.165" tests="15">
    <testcase classname="Dashboard API › GET /api/dashboard/stats" name="should return user statistics for authenticated user" time="0.349">
    </testcase>
    <testcase classname="Dashboard API › GET /api/dashboard/stats" name="should accept days query parameter" time="0.294">
    </testcase>
    <testcase classname="Dashboard API › GET /api/dashboard/stats" name="should reject unauthenticated requests" time="0.244">
    </testcase>
    <testcase classname="Dashboard API › GET /api/dashboard/trends" name="should return search trends for authenticated user" time="0.302">
    </testcase>
    <testcase classname="Dashboard API › GET /api/dashboard/trends" name="should accept days query parameter" time="0.24">
    </testcase>
    <testcase classname="Dashboard API › GET /api/dashboard/trends" name="should reject unauthenticated requests" time="0.246">
    </testcase>
    <testcase classname="Dashboard API › GET /api/dashboard/popular-mediators" name="should return popular mediators list" time="0.246">
    </testcase>
    <testcase classname="Dashboard API › GET /api/dashboard/popular-mediators" name="should accept limit query parameter" time="0.237">
    </testcase>
    <testcase classname="Dashboard API › GET /api/dashboard/popular-mediators" name="should reject unauthenticated requests" time="0.236">
    </testcase>
    <testcase classname="Dashboard API › GET /api/dashboard/platform" name="should return platform stats for premium users" time="0.239">
    </testcase>
    <testcase classname="Dashboard API › GET /api/dashboard/platform" name="should reject free tier users" time="0.247">
    </testcase>
    <testcase classname="Dashboard API › GET /api/dashboard/platform" name="should reject unauthenticated requests" time="0.243">
    </testcase>
    <testcase classname="Dashboard API › GET /api/dashboard/conversion-funnel" name="should return conversion funnel for premium users" time="0.237">
    </testcase>
    <testcase classname="Dashboard API › GET /api/dashboard/conversion-funnel" name="should reject free tier users" time="0.235">
    </testcase>
    <testcase classname="Dashboard API › GET /api/dashboard/conversion-funnel" name="should reject unauthenticated requests" time="0.24">
    </testcase>
  </testsuite>
  <testsuite name="Authentication API" errors="0" failures="0" skipped="2" timestamp="2026-01-22T18:18:39" time="2.396" tests="17">
    <testcase classname="Authentication API › POST /api/auth/register" name="should register a new user with valid data" time="0.585">
    </testcase>
    <testcase classname="Authentication API › POST /api/auth/register" name="should reject registration with weak password" time="0.014">
    </testcase>
    <testcase classname="Authentication API › POST /api/auth/register" name="should reject duplicate email registration" time="0.171">
    </testcase>
    <testcase classname="Authentication API › POST /api/auth/register" name="should reject registration with invalid email" time="0.009">
    </testcase>
    <testcase classname="Authentication API › POST /api/auth/register" name="should show detailed validation errors for invalid name" time="0.009">
    </testcase>
    <testcase classname="Authentication API › POST /api/auth/register" name="should show detailed password validation errors" time="0.041">
    </testcase>
    <testcase classname="Authentication API › POST /api/auth/register" name="should reject registration with name containing numbers" time="0.019">
    </testcase>
    <testcase classname="Authentication API › POST /api/auth/login" name="should login with correct credentials" time="0.124">
    </testcase>
    <testcase classname="Authentication API › POST /api/auth/login" name="should reject login with wrong password" time="0.118">
    </testcase>
    <testcase classname="Authentication API › POST /api/auth/login" name="should reject login for non-existent user" time="0.063">
    </testcase>
    <testcase classname="Authentication API › POST /api/auth/login" name="should show remaining login attempts after failed login" time="0.116">
    </testcase>
    <testcase classname="Authentication API › POST /api/auth/login" name="should lock account after 5 failed login attempts" time="0.395">
    </testcase>
    <testcase classname="Authentication API › POST /api/auth/login" name="should reset failed attempts after successful login" time="0.246">
    </testcase>
    <testcase classname="Authentication API › POST /api/auth/login" name="should auto-unlock account after lock duration expires" time="0.143">
    </testcase>
    <testcase classname="Authentication API › POST /api/auth/logout" name="should logout successfully" time="0.065">
    </testcase>
    <testcase classname="Authentication API › POST /api/auth/refresh-token" name="should refresh access token with valid refresh token" time="0">
      <skipped/>
    </testcase>
    <testcase classname="Authentication API › POST /api/auth/refresh-token" name="should reject invalid refresh token" time="0">
      <skipped/>
    </testcase>
  </testsuite>
  <testsuite name="Mediator API" errors="0" failures="0" skipped="0" timestamp="2026-01-22T18:18:41" time="0.523" tests="14">
    <testcase classname="Mediator API › GET /api/mediators" name="should return list of mediators" time="0.06">
    </testcase>
    <testcase classname="Mediator API › GET /api/mediators" name="should filter mediators by location" time="0.014">
    </testcase>
    <testcase classname="Mediator API › GET /api/mediators" name="should filter mediators by ideology" time="0.023">
    </testcase>
    <testcase classname="Mediator API › GET /api/mediators" name="should filter mediators by minimum experience" time="0.014">
    </testcase>
    <testcase classname="Mediator API › GET /api/mediators" name="should support pagination" time="0.021">
    </testcase>
    <testcase classname="Mediator API › GET /api/mediators/:id" name="should return a single mediator by ID" time="0.028">
    </testcase>
    <testcase classname="Mediator API › GET /api/mediators/:id" name="should return 404 for non-existent mediator" time="0.012">
    </testcase>
    <testcase classname="Mediator API › GET /api/mediators/:id" name="should return 400 for invalid mediator ID" time="0.012">
    </testcase>
    <testcase classname="Mediator API › POST /api/mediators" name="should create a new mediator" time="0.019">
    </testcase>
    <testcase classname="Mediator API › POST /api/mediators" name="should reject mediator without required name field" time="0.011">
    </testcase>
    <testcase classname="Mediator API › PUT /api/mediators/:id" name="should update an existing mediator" time="0.013">
    </testcase>
    <testcase classname="Mediator API › PUT /api/mediators/:id" name="should return 404 for non-existent mediator" time="0.013">
    </testcase>
    <testcase classname="Mediator API › POST /api/mediators/:id/analyze-ideology" name="should analyze mediator ideology" time="0.013">
    </testcase>
    <testcase classname="Mediator API › POST /api/mediators/:id/analyze-ideology" name="should return 404 for non-existent mediator" time="0.01">
    </testcase>
  </testsuite>
  <testsuite name="Rate Limiting" errors="0" failures="0" skipped="0" timestamp="2026-01-22T18:18:42" time="0.361" tests="6">
    <testcase classname="Rate Limiting › Auth Rate Limiter" name="should block requests after exceeding limit" time="0.012">
    </testcase>
    <testcase classname="Rate Limiting › Auth Rate Limiter" name="should reset limit after window expires" time="0.165">
    </testcase>
    <testcase classname="Rate Limiting › Dynamic Rate Limiter" name="should apply different limits based on user tier" time="0.024">
    </testcase>
    <testcase classname="Rate Limiting › Rate Limit Headers" name="should include standard rate limit headers" time="0.004">
    </testcase>
    <testcase classname="Rate Limiting › Rate Limit Headers" name="should include retry-after header when rate limited" time="0.006">
    </testcase>
    <testcase classname="Rate Limiting › IP-based Rate Limiting" name="should track limits per IP address" time="0.01">
    </testcase>
  </testsuite>
  <testsuite name="Chat API" errors="0" failures="0" skipped="0" timestamp="2026-01-22T18:18:42" time="0.43" tests="16">
    <testcase classname="Chat API › POST /api/chat" name="should process a chat message successfully" time="0.038">
    </testcase>
    <testcase classname="Chat API › POST /api/chat" name="should accept conversation history" time="0.006">
    </testcase>
    <testcase classname="Chat API › POST /api/chat" name="should reject empty message" time="0.007">
    </testcase>
    <testcase classname="Chat API › POST /api/chat" name="should reject non-string message" time="0.008">
    </testcase>
    <testcase classname="Chat API › POST /api/chat" name="should reject missing message" time="0.007">
    </testcase>
    <testcase classname="Chat API › POST /api/chat" name="should handle errors from chat service" time="0.014">
    </testcase>
    <testcase classname="Chat API › POST /api/chat/check-conflicts" name="should check for conflicts successfully" time="0.044">
    </testcase>
    <testcase classname="Chat API › POST /api/chat/check-conflicts" name="should reject missing mediatorId" time="0.007">
    </testcase>
    <testcase classname="Chat API › POST /api/chat/check-conflicts" name="should reject missing parties" time="0.007">
    </testcase>
    <testcase classname="Chat API › POST /api/chat/check-conflicts" name="should reject empty parties array" time="0.007">
    </testcase>
    <testcase classname="Chat API › POST /api/chat/analyze-ideology" name="should analyze mediator ideology successfully" time="0.009">
    </testcase>
    <testcase classname="Chat API › POST /api/chat/analyze-ideology" name="should reject missing mediatorId" time="0.007">
    </testcase>
    <testcase classname="Chat API › POST /api/chat/analyze-ideology" name="should handle classifier errors" time="0.012">
    </testcase>
    <testcase classname="Chat API › Not Implemented Endpoints" name="POST /api/chat/enrich-mediator should return 501" time="0.008">
    </testcase>
    <testcase classname="Chat API › Not Implemented Endpoints" name="GET /api/chat/scraper-health should return 501" time="0.006">
    </testcase>
    <testcase classname="Chat API › Not Implemented Endpoints" name="POST /api/chat/bulk-scrape should return 501" time="0.007">
    </testcase>
  </testsuite>
  <testsuite name="AI Systems Integration Tests" errors="0" failures="0" skipped="0" timestamp="2026-01-22T18:18:43" time="0.164" tests="21">
    <testcase classname="AI Systems Integration Tests › Memory System" name="should initialize without errors" time="0.005">
    </testcase>
    <testcase classname="AI Systems Integration Tests › Memory System" name="should have required methods" time="0.002">
    </testcase>
    <testcase classname="AI Systems Integration Tests › Memory System" name="should gracefully handle ChromaDB unavailability" time="0.001">
    </testcase>
    <testcase classname="AI Systems Integration Tests › Chain System" name="should be initialized with default chains" time="0.001">
    </testcase>
    <testcase classname="AI Systems Integration Tests › Chain System" name="should have required methods" time="0.001">
    </testcase>
    <testcase classname="AI Systems Integration Tests › Chain System" name="should validate chain structure" time="0.001">
    </testcase>
    <testcase classname="AI Systems Integration Tests › Chain System" name="should handle custom chains" time="0.002">
    </testcase>
    <testcase classname="AI Systems Integration Tests › Agent System" name="should be initialized with default agents" time="0">
    </testcase>
    <testcase classname="AI Systems Integration Tests › Agent System" name="should have required methods" time="0.001">
    </testcase>
    <testcase classname="AI Systems Integration Tests › Agent System" name="should validate agent structure" time="0.001">
    </testcase>
    <testcase classname="AI Systems Integration Tests › Agent System" name="should have correct agent tools" time="0.002">
    </testcase>
    <testcase classname="AI Systems Integration Tests › Agent System" name="should validate research agent" time="0.004">
    </testcase>
    <testcase classname="AI Systems Integration Tests › Agent System" name="should validate coordinator agent" time="0.001">
    </testcase>
    <testcase classname="AI Systems Integration Tests › Integration Tests" name="agents can access memory system" time="0.002">
    </testcase>
    <testcase classname="AI Systems Integration Tests › Integration Tests" name="chains can integrate with memory and RAG" time="0.001">
    </testcase>
    <testcase classname="AI Systems Integration Tests › Integration Tests" name="coordinator agent can delegate to other agents" time="0">
    </testcase>
    <testcase classname="AI Systems Integration Tests › Error Handling" name="should handle missing agents gracefully" time="0.005">
    </testcase>
    <testcase classname="AI Systems Integration Tests › Error Handling" name="should handle missing chains gracefully" time="0.003">
    </testcase>
    <testcase classname="AI Systems Integration Tests › Error Handling" name="should handle memory system failures gracefully" time="0.001">
    </testcase>
    <testcase classname="AI Systems Integration Tests › Module Imports" name="all modules should import without errors" time="0">
    </testcase>
    <testcase classname="AI Systems Integration Tests › Module Imports" name="no circular dependency issues" time="0.001">
    </testcase>
  </testsuite>
  <testsuite name="Response Handlers" errors="0" failures="0" skipped="0" timestamp="2026-01-22T18:18:43" time="0.162" tests="18">
    <testcase classname="Response Handlers › sendSuccess" name="should send success response with data" time="0">
    </testcase>
    <testcase classname="Response Handlers › sendSuccess" name="should send success response with custom status code" time="0.001">
    </testcase>
    <testcase classname="Response Handlers › sendSuccess" name="should send success response with message" time="0">
    </testcase>
    <testcase classname="Response Handlers › sendError" name="should send error response" time="0.003">
    </testcase>
    <testcase classname="Response Handlers › sendError" name="should send error response with details" time="0">
    </testcase>
    <testcase classname="Response Handlers › sendValidationError" name="should send validation error with array of errors" time="0.001">
    </testcase>
    <testcase classname="Response Handlers › sendUnauthorized" name="should send 401 unauthorized" time="0">
    </testcase>
    <testcase classname="Response Handlers › sendForbidden" name="should send 403 forbidden" time="0">
    </testcase>
    <testcase classname="Response Handlers › sendNotFound" name="should send 404 not found" time="0">
    </testcase>
    <testcase classname="Sanitization Utilities › sanitizeString" name="should remove HTML tags" time="0.001">
    </testcase>
    <testcase classname="Sanitization Utilities › sanitizeString" name="should handle non-string input" time="0">
    </testcase>
    <testcase classname="Sanitization Utilities › sanitizeObject" name="should sanitize all string properties" time="0.001">
    </testcase>
    <testcase classname="Sanitization Utilities › sanitizeObject" name="should remove MongoDB operators" time="0">
    </testcase>
    <testcase classname="Sanitization Utilities › sanitizeObject" name="should handle nested objects" time="0">
    </testcase>
    <testcase classname="Sanitization Utilities › sanitizeObject" name="should handle arrays" time="0.001">
    </testcase>
    <testcase classname="Sanitization Utilities › removeDangerousChars" name="should remove javascript: protocol" time="0">
    </testcase>
    <testcase classname="Sanitization Utilities › removeDangerousChars" name="should remove event handlers" time="0">
    </testcase>
    <testcase classname="Sanitization Utilities › removeDangerousChars" name="should remove eval calls" time="0.001">
    </testcase>
  </testsuite>
</testsuites>