<testsuites id="" name="" tests="30" failures="30" skipped="0" errors="0" time="228.05520800000002">
<testsuite name="auth-flow.spec.js" timestamp="2025-12-26T22:07:15.623Z" hostname="chromium" tests="6" failures="6" skipped="0" time="248.272" errors="0">
<testcase name="Authentication Flow › should complete full registration and login flow" classname="auth-flow.spec.js" time="41.46">
<failure message="auth-flow.spec.js:12:3 should complete full registration and login flow" type="FAILURE">
<![CDATA[  [chromium] › auth-flow.spec.js:12:3 › Authentication Flow › should complete full registration and login flow 

    Test timeout of 30000ms exceeded.

    Error: page.goto: net::ERR_ABORTED; maybe frame was detached?
    Call log:
      - navigating to "http://localhost:3000/", waiting until "load"


      12 |   test('should complete full registration and login flow', async ({ page }) => {
      13 |     // Navigate to homepage
    > 14 |     await page.goto('/');
         |                ^
      15 |
      16 |     // Click on Register button
      17 |     await page.click('text=Register');
        at /Users/carolbonk/Desktop/FairMediator/backend/tests/e2e/auth-flow.spec.js:14:16

    attachment #1: video (video/webm) ──────────────────────────────────────────────────────────────
    ../../test-results/auth-flow-Authentication-F-4e71c-registration-and-login-flow-chromium/video.webm
    ────────────────────────────────────────────────────────────────────────────────────────────────
]]>
</failure>
<system-out>
<![CDATA[
[[ATTACHMENT|../test-results/auth-flow-Authentication-F-4e71c-registration-and-login-flow-chromium/video.webm]]
]]>
</system-out>
</testcase>
<testcase name="Authentication Flow › should show validation errors for invalid input" classname="auth-flow.spec.js" time="41.309">
<failure message="auth-flow.spec.js:57:3 should show validation errors for invalid input" type="FAILURE">
<![CDATA[  [chromium] › auth-flow.spec.js:57:3 › Authentication Flow › should show validation errors for invalid input 

    Test timeout of 30000ms exceeded.

    Error: page.goto: net::ERR_ABORTED; maybe frame was detached?
    Call log:
      - navigating to "http://localhost:3000/register", waiting until "load"


      56 |
      57 |   test('should show validation errors for invalid input', async ({ page }) => {
    > 58 |     await page.goto('/register');
         |                ^
      59 |
      60 |     // Try to submit with invalid email
      61 |     await page.fill('input[name="email"]', 'not-an-email');
        at /Users/carolbonk/Desktop/FairMediator/backend/tests/e2e/auth-flow.spec.js:58:16

    attachment #1: video (video/webm) ──────────────────────────────────────────────────────────────
    ../../test-results/auth-flow-Authentication-F-80f65-on-errors-for-invalid-input-chromium/video.webm
    ────────────────────────────────────────────────────────────────────────────────────────────────
]]>
</failure>
<system-out>
<![CDATA[
[[ATTACHMENT|../test-results/auth-flow-Authentication-F-80f65-on-errors-for-invalid-input-chromium/video.webm]]
]]>
</system-out>
</testcase>
<testcase name="Authentication Flow › should prevent login with wrong credentials" classname="auth-flow.spec.js" time="41.43">
<failure message="auth-flow.spec.js:70:3 should prevent login with wrong credentials" type="FAILURE">
<![CDATA[  [chromium] › auth-flow.spec.js:70:3 › Authentication Flow › should prevent login with wrong credentials 

    Test timeout of 30000ms exceeded.

    Error: page.goto: net::ERR_ABORTED; maybe frame was detached?
    Call log:
      - navigating to "http://localhost:3000/login", waiting until "load"


      69 |
      70 |   test('should prevent login with wrong credentials', async ({ page }) => {
    > 71 |     await page.goto('/login');
         |                ^
      72 |
      73 |     // Try to login with wrong credentials
      74 |     await page.fill('input[name="email"]', 'wrong@example.com');
        at /Users/carolbonk/Desktop/FairMediator/backend/tests/e2e/auth-flow.spec.js:71:16

    attachment #1: video (video/webm) ──────────────────────────────────────────────────────────────
    ../../test-results/auth-flow-Authentication-F-c6855-ogin-with-wrong-credentials-chromium/video.webm
    ────────────────────────────────────────────────────────────────────────────────────────────────
]]>
</failure>
<system-out>
<![CDATA[
[[ATTACHMENT|../test-results/auth-flow-Authentication-F-c6855-ogin-with-wrong-credentials-chromium/video.webm]]
]]>
</system-out>
</testcase>
<testcase name="Authentication Flow › should lock account after failed login attempts" classname="auth-flow.spec.js" time="41.461">
<failure message="auth-flow.spec.js:85:3 should lock account after failed login attempts" type="FAILURE">
<![CDATA[  [chromium] › auth-flow.spec.js:85:3 › Authentication Flow › should lock account after failed login attempts 

    Test timeout of 30000ms exceeded.

    Error: page.goto: net::ERR_ABORTED; maybe frame was detached?
    Call log:
      - navigating to "http://localhost:3000/login", waiting until "load"


      84 |
      85 |   test('should lock account after failed login attempts', async ({ page }) => {
    > 86 |     await page.goto('/login');
         |                ^
      87 |
      88 |     // Make 5 failed login attempts
      89 |     for (let i = 0; i < 5; i++) {
        at /Users/carolbonk/Desktop/FairMediator/backend/tests/e2e/auth-flow.spec.js:86:16

    attachment #1: video (video/webm) ──────────────────────────────────────────────────────────────
    ../../test-results/auth-flow-Authentication-F-56dcc-after-failed-login-attempts-chromium/video.webm
    ────────────────────────────────────────────────────────────────────────────────────────────────
]]>
</failure>
<system-out>
<![CDATA[
[[ATTACHMENT|../test-results/auth-flow-Authentication-F-56dcc-after-failed-login-attempts-chromium/video.webm]]
]]>
</system-out>
</testcase>
<testcase name="Mediator Search Flow › should search and view mediators" classname="auth-flow.spec.js" time="41.526">
<failure message="auth-flow.spec.js:106:3 should search and view mediators" type="FAILURE">
<![CDATA[  [chromium] › auth-flow.spec.js:106:3 › Mediator Search Flow › should search and view mediators ───

    Test timeout of 30000ms exceeded.

    Error: page.goto: net::ERR_ABORTED; maybe frame was detached?
    Call log:
      - navigating to "http://localhost:3000/login", waiting until "load"


      106 |   test('should search and view mediators', async ({ page }) => {
      107 |     // Login first
    > 108 |     await page.goto('/login');
          |                ^
      109 |     await page.fill('input[name="email"]', 'test@example.com');
      110 |     await page.fill('input[name="password"]', 'TestPassword123!');
      111 |     await page.click('button[type="submit"]');
        at /Users/carolbonk/Desktop/FairMediator/backend/tests/e2e/auth-flow.spec.js:108:16

    attachment #1: video (video/webm) ──────────────────────────────────────────────────────────────
    ../../test-results/auth-flow-Mediator-Search--a71ff-d-search-and-view-mediators-chromium/video.webm
    ────────────────────────────────────────────────────────────────────────────────────────────────
]]>
</failure>
<system-out>
<![CDATA[
[[ATTACHMENT|../test-results/auth-flow-Mediator-Search--a71ff-d-search-and-view-mediators-chromium/video.webm]]
]]>
</system-out>
</testcase>
<testcase name="Subscription Flow › should upgrade subscription" classname="auth-flow.spec.js" time="41.086">
<failure message="auth-flow.spec.js:141:3 should upgrade subscription" type="FAILURE">
<![CDATA[  [chromium] › auth-flow.spec.js:141:3 › Subscription Flow › should upgrade subscription ───────────

    Test timeout of 30000ms exceeded.

    Error: page.goto: net::ERR_ABORTED; maybe frame was detached?
    Call log:
      - navigating to "http://localhost:3000/login", waiting until "load"


      141 |   test('should upgrade subscription', async ({ page }) => {
      142 |     // Login
    > 143 |     await page.goto('/login');
          |                ^
      144 |     await page.fill('input[name="email"]', 'test@example.com');
      145 |     await page.fill('input[name="password"]', 'TestPassword123!');
      146 |     await page.click('button[type="submit"]');
        at /Users/carolbonk/Desktop/FairMediator/backend/tests/e2e/auth-flow.spec.js:143:16

    attachment #1: video (video/webm) ──────────────────────────────────────────────────────────────
    ../../test-results/auth-flow-Subscription-Flow-should-upgrade-subscription-chromium/video.webm
    ────────────────────────────────────────────────────────────────────────────────────────────────
]]>
</failure>
<system-out>
<![CDATA[
[[ATTACHMENT|../test-results/auth-flow-Subscription-Flow-should-upgrade-subscription-chromium/video.webm]]
]]>
</system-out>
</testcase>
</testsuite>
<testsuite name="auth-flow.spec.js" timestamp="2025-12-26T22:07:15.623Z" hostname="firefox" tests="6" failures="6" skipped="0" time="180.493" errors="0">
<testcase name="Authentication Flow › should complete full registration and login flow" classname="auth-flow.spec.js" time="30.076">
<failure message="auth-flow.spec.js:12:3 should complete full registration and login flow" type="FAILURE">
<![CDATA[  [firefox] › auth-flow.spec.js:12:3 › Authentication Flow › should complete full registration and login flow 

    Test timeout of 30000ms exceeded.

    Error: page.goto: Test timeout of 30000ms exceeded.
    Call log:
      - navigating to "http://localhost:3000/", waiting until "load"


      12 |   test('should complete full registration and login flow', async ({ page }) => {
      13 |     // Navigate to homepage
    > 14 |     await page.goto('/');
         |                ^
      15 |
      16 |     // Click on Register button
      17 |     await page.click('text=Register');
        at /Users/carolbonk/Desktop/FairMediator/backend/tests/e2e/auth-flow.spec.js:14:16

    attachment #1: screenshot (image/png) ──────────────────────────────────────────────────────────
    ../../test-results/auth-flow-Authentication-F-4e71c-registration-and-login-flow-firefox/test-failed-1.png
    ────────────────────────────────────────────────────────────────────────────────────────────────

    attachment #2: video (video/webm) ──────────────────────────────────────────────────────────────
    ../../test-results/auth-flow-Authentication-F-4e71c-registration-and-login-flow-firefox/video.webm
    ────────────────────────────────────────────────────────────────────────────────────────────────
]]>
</failure>
<system-out>
<![CDATA[
[[ATTACHMENT|../test-results/auth-flow-Authentication-F-4e71c-registration-and-login-flow-firefox/test-failed-1.png]]

[[ATTACHMENT|../test-results/auth-flow-Authentication-F-4e71c-registration-and-login-flow-firefox/video.webm]]
]]>
</system-out>
</testcase>
<testcase name="Authentication Flow › should show validation errors for invalid input" classname="auth-flow.spec.js" time="30.068">
<failure message="auth-flow.spec.js:57:3 should show validation errors for invalid input" type="FAILURE">
<![CDATA[  [firefox] › auth-flow.spec.js:57:3 › Authentication Flow › should show validation errors for invalid input 

    Test timeout of 30000ms exceeded.

    Error: page.goto: Test timeout of 30000ms exceeded.
    Call log:
      - navigating to "http://localhost:3000/register", waiting until "load"


      56 |
      57 |   test('should show validation errors for invalid input', async ({ page }) => {
    > 58 |     await page.goto('/register');
         |                ^
      59 |
      60 |     // Try to submit with invalid email
      61 |     await page.fill('input[name="email"]', 'not-an-email');
        at /Users/carolbonk/Desktop/FairMediator/backend/tests/e2e/auth-flow.spec.js:58:16

    attachment #1: screenshot (image/png) ──────────────────────────────────────────────────────────
    ../../test-results/auth-flow-Authentication-F-80f65-on-errors-for-invalid-input-firefox/test-failed-1.png
    ────────────────────────────────────────────────────────────────────────────────────────────────

    attachment #2: video (video/webm) ──────────────────────────────────────────────────────────────
    ../../test-results/auth-flow-Authentication-F-80f65-on-errors-for-invalid-input-firefox/video.webm
    ────────────────────────────────────────────────────────────────────────────────────────────────
]]>
</failure>
<system-out>
<![CDATA[
[[ATTACHMENT|../test-results/auth-flow-Authentication-F-80f65-on-errors-for-invalid-input-firefox/test-failed-1.png]]

[[ATTACHMENT|../test-results/auth-flow-Authentication-F-80f65-on-errors-for-invalid-input-firefox/video.webm]]
]]>
</system-out>
</testcase>
<testcase name="Authentication Flow › should prevent login with wrong credentials" classname="auth-flow.spec.js" time="30.101">
<failure message="auth-flow.spec.js:70:3 should prevent login with wrong credentials" type="FAILURE">
<![CDATA[  [firefox] › auth-flow.spec.js:70:3 › Authentication Flow › should prevent login with wrong credentials 

    Test timeout of 30000ms exceeded.

    Error: page.goto: Test timeout of 30000ms exceeded.
    Call log:
      - navigating to "http://localhost:3000/login", waiting until "load"


      69 |
      70 |   test('should prevent login with wrong credentials', async ({ page }) => {
    > 71 |     await page.goto('/login');
         |                ^
      72 |
      73 |     // Try to login with wrong credentials
      74 |     await page.fill('input[name="email"]', 'wrong@example.com');
        at /Users/carolbonk/Desktop/FairMediator/backend/tests/e2e/auth-flow.spec.js:71:16

    attachment #1: screenshot (image/png) ──────────────────────────────────────────────────────────
    ../../test-results/auth-flow-Authentication-F-c6855-ogin-with-wrong-credentials-firefox/test-failed-1.png
    ────────────────────────────────────────────────────────────────────────────────────────────────

    attachment #2: video (video/webm) ──────────────────────────────────────────────────────────────
    ../../test-results/auth-flow-Authentication-F-c6855-ogin-with-wrong-credentials-firefox/video.webm
    ────────────────────────────────────────────────────────────────────────────────────────────────
]]>
</failure>
<system-out>
<![CDATA[
[[ATTACHMENT|../test-results/auth-flow-Authentication-F-c6855-ogin-with-wrong-credentials-firefox/test-failed-1.png]]

[[ATTACHMENT|../test-results/auth-flow-Authentication-F-c6855-ogin-with-wrong-credentials-firefox/video.webm]]
]]>
</system-out>
</testcase>
<testcase name="Authentication Flow › should lock account after failed login attempts" classname="auth-flow.spec.js" time="30.08">
<failure message="auth-flow.spec.js:85:3 should lock account after failed login attempts" type="FAILURE">
<![CDATA[  [firefox] › auth-flow.spec.js:85:3 › Authentication Flow › should lock account after failed login attempts 

    Test timeout of 30000ms exceeded.

    Error: page.goto: Test timeout of 30000ms exceeded.
    Call log:
      - navigating to "http://localhost:3000/login", waiting until "load"


      84 |
      85 |   test('should lock account after failed login attempts', async ({ page }) => {
    > 86 |     await page.goto('/login');
         |                ^
      87 |
      88 |     // Make 5 failed login attempts
      89 |     for (let i = 0; i < 5; i++) {
        at /Users/carolbonk/Desktop/FairMediator/backend/tests/e2e/auth-flow.spec.js:86:16

    attachment #1: screenshot (image/png) ──────────────────────────────────────────────────────────
    ../../test-results/auth-flow-Authentication-F-56dcc-after-failed-login-attempts-firefox/test-failed-1.png
    ────────────────────────────────────────────────────────────────────────────────────────────────

    attachment #2: video (video/webm) ──────────────────────────────────────────────────────────────
    ../../test-results/auth-flow-Authentication-F-56dcc-after-failed-login-attempts-firefox/video.webm
    ────────────────────────────────────────────────────────────────────────────────────────────────
]]>
</failure>
<system-out>
<![CDATA[
[[ATTACHMENT|../test-results/auth-flow-Authentication-F-56dcc-after-failed-login-attempts-firefox/test-failed-1.png]]

[[ATTACHMENT|../test-results/auth-flow-Authentication-F-56dcc-after-failed-login-attempts-firefox/video.webm]]
]]>
</system-out>
</testcase>
<testcase name="Mediator Search Flow › should search and view mediators" classname="auth-flow.spec.js" time="30.099">
<failure message="auth-flow.spec.js:106:3 should search and view mediators" type="FAILURE">
<![CDATA[  [firefox] › auth-flow.spec.js:106:3 › Mediator Search Flow › should search and view mediators ────

    Test timeout of 30000ms exceeded.

    Error: page.goto: Test timeout of 30000ms exceeded.
    Call log:
      - navigating to "http://localhost:3000/login", waiting until "load"


      106 |   test('should search and view mediators', async ({ page }) => {
      107 |     // Login first
    > 108 |     await page.goto('/login');
          |                ^
      109 |     await page.fill('input[name="email"]', 'test@example.com');
      110 |     await page.fill('input[name="password"]', 'TestPassword123!');
      111 |     await page.click('button[type="submit"]');
        at /Users/carolbonk/Desktop/FairMediator/backend/tests/e2e/auth-flow.spec.js:108:16

    attachment #1: screenshot (image/png) ──────────────────────────────────────────────────────────
    ../../test-results/auth-flow-Mediator-Search--a71ff-d-search-and-view-mediators-firefox/test-failed-1.png
    ────────────────────────────────────────────────────────────────────────────────────────────────

    attachment #2: video (video/webm) ──────────────────────────────────────────────────────────────
    ../../test-results/auth-flow-Mediator-Search--a71ff-d-search-and-view-mediators-firefox/video.webm
    ────────────────────────────────────────────────────────────────────────────────────────────────
]]>
</failure>
<system-out>
<![CDATA[
[[ATTACHMENT|../test-results/auth-flow-Mediator-Search--a71ff-d-search-and-view-mediators-firefox/test-failed-1.png]]

[[ATTACHMENT|../test-results/auth-flow-Mediator-Search--a71ff-d-search-and-view-mediators-firefox/video.webm]]
]]>
</system-out>
</testcase>
<testcase name="Subscription Flow › should upgrade subscription" classname="auth-flow.spec.js" time="30.069">
<failure message="auth-flow.spec.js:141:3 should upgrade subscription" type="FAILURE">
<![CDATA[  [firefox] › auth-flow.spec.js:141:3 › Subscription Flow › should upgrade subscription ────────────

    Test timeout of 30000ms exceeded.

    Error: page.goto: Test timeout of 30000ms exceeded.
    Call log:
      - navigating to "http://localhost:3000/login", waiting until "load"


      141 |   test('should upgrade subscription', async ({ page }) => {
      142 |     // Login
    > 143 |     await page.goto('/login');
          |                ^
      144 |     await page.fill('input[name="email"]', 'test@example.com');
      145 |     await page.fill('input[name="password"]', 'TestPassword123!');
      146 |     await page.click('button[type="submit"]');
        at /Users/carolbonk/Desktop/FairMediator/backend/tests/e2e/auth-flow.spec.js:143:16

    attachment #1: screenshot (image/png) ──────────────────────────────────────────────────────────
    ../../test-results/auth-flow-Subscription-Flow-should-upgrade-subscription-firefox/test-failed-1.png
    ────────────────────────────────────────────────────────────────────────────────────────────────

    attachment #2: video (video/webm) ──────────────────────────────────────────────────────────────
    ../../test-results/auth-flow-Subscription-Flow-should-upgrade-subscription-firefox/video.webm
    ────────────────────────────────────────────────────────────────────────────────────────────────
]]>
</failure>
<system-out>
<![CDATA[
[[ATTACHMENT|../test-results/auth-flow-Subscription-Flow-should-upgrade-subscription-firefox/test-failed-1.png]]

[[ATTACHMENT|../test-results/auth-flow-Subscription-Flow-should-upgrade-subscription-firefox/video.webm]]
]]>
</system-out>
</testcase>
</testsuite>
<testsuite name="auth-flow.spec.js" timestamp="2025-12-26T22:07:15.623Z" hostname="webkit" tests="6" failures="6" skipped="0" time="180.569" errors="0">
<testcase name="Authentication Flow › should complete full registration and login flow" classname="auth-flow.spec.js" time="30.116">
<failure message="auth-flow.spec.js:12:3 should complete full registration and login flow" type="FAILURE">
<![CDATA[  [webkit] › auth-flow.spec.js:12:3 › Authentication Flow › should complete full registration and login flow 

    Test timeout of 30000ms exceeded.

    Error: page.goto: Test timeout of 30000ms exceeded.
    Call log:
      - navigating to "http://localhost:3000/", waiting until "load"


      12 |   test('should complete full registration and login flow', async ({ page }) => {
      13 |     // Navigate to homepage
    > 14 |     await page.goto('/');
         |                ^
      15 |
      16 |     // Click on Register button
      17 |     await page.click('text=Register');
        at /Users/carolbonk/Desktop/FairMediator/backend/tests/e2e/auth-flow.spec.js:14:16

    attachment #1: screenshot (image/png) ──────────────────────────────────────────────────────────
    ../../test-results/auth-flow-Authentication-F-4e71c-registration-and-login-flow-webkit/test-failed-1.png
    ────────────────────────────────────────────────────────────────────────────────────────────────

    attachment #2: video (video/webm) ──────────────────────────────────────────────────────────────
    ../../test-results/auth-flow-Authentication-F-4e71c-registration-and-login-flow-webkit/video.webm
    ────────────────────────────────────────────────────────────────────────────────────────────────
]]>
</failure>
<system-out>
<![CDATA[
[[ATTACHMENT|../test-results/auth-flow-Authentication-F-4e71c-registration-and-login-flow-webkit/test-failed-1.png]]

[[ATTACHMENT|../test-results/auth-flow-Authentication-F-4e71c-registration-and-login-flow-webkit/video.webm]]
]]>
</system-out>
</testcase>
<testcase name="Authentication Flow › should show validation errors for invalid input" classname="auth-flow.spec.js" time="30.116">
<failure message="auth-flow.spec.js:57:3 should show validation errors for invalid input" type="FAILURE">
<![CDATA[  [webkit] › auth-flow.spec.js:57:3 › Authentication Flow › should show validation errors for invalid input 

    Test timeout of 30000ms exceeded.

    Error: page.goto: Test timeout of 30000ms exceeded.
    Call log:
      - navigating to "http://localhost:3000/register", waiting until "load"


      56 |
      57 |   test('should show validation errors for invalid input', async ({ page }) => {
    > 58 |     await page.goto('/register');
         |                ^
      59 |
      60 |     // Try to submit with invalid email
      61 |     await page.fill('input[name="email"]', 'not-an-email');
        at /Users/carolbonk/Desktop/FairMediator/backend/tests/e2e/auth-flow.spec.js:58:16

    attachment #1: screenshot (image/png) ──────────────────────────────────────────────────────────
    ../../test-results/auth-flow-Authentication-F-80f65-on-errors-for-invalid-input-webkit/test-failed-1.png
    ────────────────────────────────────────────────────────────────────────────────────────────────

    attachment #2: video (video/webm) ──────────────────────────────────────────────────────────────
    ../../test-results/auth-flow-Authentication-F-80f65-on-errors-for-invalid-input-webkit/video.webm
    ────────────────────────────────────────────────────────────────────────────────────────────────
]]>
</failure>
<system-out>
<![CDATA[
[[ATTACHMENT|../test-results/auth-flow-Authentication-F-80f65-on-errors-for-invalid-input-webkit/test-failed-1.png]]

[[ATTACHMENT|../test-results/auth-flow-Authentication-F-80f65-on-errors-for-invalid-input-webkit/video.webm]]
]]>
</system-out>
</testcase>
<testcase name="Authentication Flow › should prevent login with wrong credentials" classname="auth-flow.spec.js" time="30.107">
<failure message="auth-flow.spec.js:70:3 should prevent login with wrong credentials" type="FAILURE">
<![CDATA[  [webkit] › auth-flow.spec.js:70:3 › Authentication Flow › should prevent login with wrong credentials 

    Test timeout of 30000ms exceeded.

    Error: page.goto: Test timeout of 30000ms exceeded.
    Call log:
      - navigating to "http://localhost:3000/login", waiting until "load"


      69 |
      70 |   test('should prevent login with wrong credentials', async ({ page }) => {
    > 71 |     await page.goto('/login');
         |                ^
      72 |
      73 |     // Try to login with wrong credentials
      74 |     await page.fill('input[name="email"]', 'wrong@example.com');
        at /Users/carolbonk/Desktop/FairMediator/backend/tests/e2e/auth-flow.spec.js:71:16

    attachment #1: screenshot (image/png) ──────────────────────────────────────────────────────────
    ../../test-results/auth-flow-Authentication-F-c6855-ogin-with-wrong-credentials-webkit/test-failed-1.png
    ────────────────────────────────────────────────────────────────────────────────────────────────

    attachment #2: video (video/webm) ──────────────────────────────────────────────────────────────
    ../../test-results/auth-flow-Authentication-F-c6855-ogin-with-wrong-credentials-webkit/video.webm
    ────────────────────────────────────────────────────────────────────────────────────────────────
]]>
</failure>
<system-out>
<![CDATA[
[[ATTACHMENT|../test-results/auth-flow-Authentication-F-c6855-ogin-with-wrong-credentials-webkit/test-failed-1.png]]

[[ATTACHMENT|../test-results/auth-flow-Authentication-F-c6855-ogin-with-wrong-credentials-webkit/video.webm]]
]]>
</system-out>
</testcase>
<testcase name="Authentication Flow › should lock account after failed login attempts" classname="auth-flow.spec.js" time="30.081">
<failure message="auth-flow.spec.js:85:3 should lock account after failed login attempts" type="FAILURE">
<![CDATA[  [webkit] › auth-flow.spec.js:85:3 › Authentication Flow › should lock account after failed login attempts 

    Test timeout of 30000ms exceeded.

    Error: page.goto: Test timeout of 30000ms exceeded.
    Call log:
      - navigating to "http://localhost:3000/login", waiting until "load"


      84 |
      85 |   test('should lock account after failed login attempts', async ({ page }) => {
    > 86 |     await page.goto('/login');
         |                ^
      87 |
      88 |     // Make 5 failed login attempts
      89 |     for (let i = 0; i < 5; i++) {
        at /Users/carolbonk/Desktop/FairMediator/backend/tests/e2e/auth-flow.spec.js:86:16

    attachment #1: screenshot (image/png) ──────────────────────────────────────────────────────────
    ../../test-results/auth-flow-Authentication-F-56dcc-after-failed-login-attempts-webkit/test-failed-1.png
    ────────────────────────────────────────────────────────────────────────────────────────────────

    attachment #2: video (video/webm) ──────────────────────────────────────────────────────────────
    ../../test-results/auth-flow-Authentication-F-56dcc-after-failed-login-attempts-webkit/video.webm
    ────────────────────────────────────────────────────────────────────────────────────────────────
]]>
</failure>
<system-out>
<![CDATA[
[[ATTACHMENT|../test-results/auth-flow-Authentication-F-56dcc-after-failed-login-attempts-webkit/test-failed-1.png]]

[[ATTACHMENT|../test-results/auth-flow-Authentication-F-56dcc-after-failed-login-attempts-webkit/video.webm]]
]]>
</system-out>
</testcase>
<testcase name="Mediator Search Flow › should search and view mediators" classname="auth-flow.spec.js" time="30.081">
<failure message="auth-flow.spec.js:106:3 should search and view mediators" type="FAILURE">
<![CDATA[  [webkit] › auth-flow.spec.js:106:3 › Mediator Search Flow › should search and view mediators ─────

    Test timeout of 30000ms exceeded.

    Error: page.goto: Test timeout of 30000ms exceeded.
    Call log:
      - navigating to "http://localhost:3000/login", waiting until "load"


      106 |   test('should search and view mediators', async ({ page }) => {
      107 |     // Login first
    > 108 |     await page.goto('/login');
          |                ^
      109 |     await page.fill('input[name="email"]', 'test@example.com');
      110 |     await page.fill('input[name="password"]', 'TestPassword123!');
      111 |     await page.click('button[type="submit"]');
        at /Users/carolbonk/Desktop/FairMediator/backend/tests/e2e/auth-flow.spec.js:108:16

    attachment #1: screenshot (image/png) ──────────────────────────────────────────────────────────
    ../../test-results/auth-flow-Mediator-Search--a71ff-d-search-and-view-mediators-webkit/test-failed-1.png
    ────────────────────────────────────────────────────────────────────────────────────────────────

    attachment #2: video (video/webm) ──────────────────────────────────────────────────────────────
    ../../test-results/auth-flow-Mediator-Search--a71ff-d-search-and-view-mediators-webkit/video.webm
    ────────────────────────────────────────────────────────────────────────────────────────────────
]]>
</failure>
<system-out>
<![CDATA[
[[ATTACHMENT|../test-results/auth-flow-Mediator-Search--a71ff-d-search-and-view-mediators-webkit/test-failed-1.png]]

[[ATTACHMENT|../test-results/auth-flow-Mediator-Search--a71ff-d-search-and-view-mediators-webkit/video.webm]]
]]>
</system-out>
</testcase>
<testcase name="Subscription Flow › should upgrade subscription" classname="auth-flow.spec.js" time="30.068">
<failure message="auth-flow.spec.js:141:3 should upgrade subscription" type="FAILURE">
<![CDATA[  [webkit] › auth-flow.spec.js:141:3 › Subscription Flow › should upgrade subscription ─────────────

    Test timeout of 30000ms exceeded.

    Error: page.goto: Test timeout of 30000ms exceeded.
    Call log:
      - navigating to "http://localhost:3000/login", waiting until "load"


      141 |   test('should upgrade subscription', async ({ page }) => {
      142 |     // Login
    > 143 |     await page.goto('/login');
          |                ^
      144 |     await page.fill('input[name="email"]', 'test@example.com');
      145 |     await page.fill('input[name="password"]', 'TestPassword123!');
      146 |     await page.click('button[type="submit"]');
        at /Users/carolbonk/Desktop/FairMediator/backend/tests/e2e/auth-flow.spec.js:143:16

    attachment #1: screenshot (image/png) ──────────────────────────────────────────────────────────
    ../../test-results/auth-flow-Subscription-Flow-should-upgrade-subscription-webkit/test-failed-1.png
    ────────────────────────────────────────────────────────────────────────────────────────────────

    attachment #2: video (video/webm) ──────────────────────────────────────────────────────────────
    ../../test-results/auth-flow-Subscription-Flow-should-upgrade-subscription-webkit/video.webm
    ────────────────────────────────────────────────────────────────────────────────────────────────
]]>
</failure>
<system-out>
<![CDATA[
[[ATTACHMENT|../test-results/auth-flow-Subscription-Flow-should-upgrade-subscription-webkit/test-failed-1.png]]

[[ATTACHMENT|../test-results/auth-flow-Subscription-Flow-should-upgrade-subscription-webkit/video.webm]]
]]>
</system-out>
</testcase>
</testsuite>
<testsuite name="auth-flow.spec.js" timestamp="2025-12-26T22:07:15.623Z" hostname="Mobile Chrome" tests="6" failures="6" skipped="0" time="246.912" errors="0">
<testcase name="Authentication Flow › should complete full registration and login flow" classname="auth-flow.spec.js" time="40.847">
<failure message="auth-flow.spec.js:12:3 should complete full registration and login flow" type="FAILURE">
<![CDATA[  [Mobile Chrome] › auth-flow.spec.js:12:3 › Authentication Flow › should complete full registration and login flow 

    Test timeout of 30000ms exceeded.

    Error: page.goto: net::ERR_ABORTED; maybe frame was detached?
    Call log:
      - navigating to "http://localhost:3000/", waiting until "load"


      12 |   test('should complete full registration and login flow', async ({ page }) => {
      13 |     // Navigate to homepage
    > 14 |     await page.goto('/');
         |                ^
      15 |
      16 |     // Click on Register button
      17 |     await page.click('text=Register');
        at /Users/carolbonk/Desktop/FairMediator/backend/tests/e2e/auth-flow.spec.js:14:16

    attachment #1: video (video/webm) ──────────────────────────────────────────────────────────────
    ../../test-results/auth-flow-Authentication-F-4e71c-registration-and-login-flow-Mobile-Chrome/video.webm
    ────────────────────────────────────────────────────────────────────────────────────────────────
]]>
</failure>
<system-out>
<![CDATA[
[[ATTACHMENT|../test-results/auth-flow-Authentication-F-4e71c-registration-and-login-flow-Mobile-Chrome/video.webm]]
]]>
</system-out>
</testcase>
<testcase name="Authentication Flow › should show validation errors for invalid input" classname="auth-flow.spec.js" time="40.884">
<failure message="auth-flow.spec.js:57:3 should show validation errors for invalid input" type="FAILURE">
<![CDATA[  [Mobile Chrome] › auth-flow.spec.js:57:3 › Authentication Flow › should show validation errors for invalid input 

    Test timeout of 30000ms exceeded.

    Error: page.goto: net::ERR_ABORTED; maybe frame was detached?
    Call log:
      - navigating to "http://localhost:3000/register", waiting until "load"


      56 |
      57 |   test('should show validation errors for invalid input', async ({ page }) => {
    > 58 |     await page.goto('/register');
         |                ^
      59 |
      60 |     // Try to submit with invalid email
      61 |     await page.fill('input[name="email"]', 'not-an-email');
        at /Users/carolbonk/Desktop/FairMediator/backend/tests/e2e/auth-flow.spec.js:58:16

    attachment #1: video (video/webm) ──────────────────────────────────────────────────────────────
    ../../test-results/auth-flow-Authentication-F-80f65-on-errors-for-invalid-input-Mobile-Chrome/video.webm
    ────────────────────────────────────────────────────────────────────────────────────────────────
]]>
</failure>
<system-out>
<![CDATA[
[[ATTACHMENT|../test-results/auth-flow-Authentication-F-80f65-on-errors-for-invalid-input-Mobile-Chrome/video.webm]]
]]>
</system-out>
</testcase>
<testcase name="Authentication Flow › should prevent login with wrong credentials" classname="auth-flow.spec.js" time="41.225">
<failure message="auth-flow.spec.js:70:3 should prevent login with wrong credentials" type="FAILURE">
<![CDATA[  [Mobile Chrome] › auth-flow.spec.js:70:3 › Authentication Flow › should prevent login with wrong credentials 

    Test timeout of 30000ms exceeded.

    Error: page.goto: net::ERR_ABORTED; maybe frame was detached?
    Call log:
      - navigating to "http://localhost:3000/login", waiting until "load"


      69 |
      70 |   test('should prevent login with wrong credentials', async ({ page }) => {
    > 71 |     await page.goto('/login');
         |                ^
      72 |
      73 |     // Try to login with wrong credentials
      74 |     await page.fill('input[name="email"]', 'wrong@example.com');
        at /Users/carolbonk/Desktop/FairMediator/backend/tests/e2e/auth-flow.spec.js:71:16

    attachment #1: video (video/webm) ──────────────────────────────────────────────────────────────
    ../../test-results/auth-flow-Authentication-F-c6855-ogin-with-wrong-credentials-Mobile-Chrome/video.webm
    ────────────────────────────────────────────────────────────────────────────────────────────────
]]>
</failure>
<system-out>
<![CDATA[
[[ATTACHMENT|../test-results/auth-flow-Authentication-F-c6855-ogin-with-wrong-credentials-Mobile-Chrome/video.webm]]
]]>
</system-out>
</testcase>
<testcase name="Authentication Flow › should lock account after failed login attempts" classname="auth-flow.spec.js" time="41.345">
<failure message="auth-flow.spec.js:85:3 should lock account after failed login attempts" type="FAILURE">
<![CDATA[  [Mobile Chrome] › auth-flow.spec.js:85:3 › Authentication Flow › should lock account after failed login attempts 

    Test timeout of 30000ms exceeded.

    Error: page.goto: net::ERR_ABORTED; maybe frame was detached?
    Call log:
      - navigating to "http://localhost:3000/login", waiting until "load"


      84 |
      85 |   test('should lock account after failed login attempts', async ({ page }) => {
    > 86 |     await page.goto('/login');
         |                ^
      87 |
      88 |     // Make 5 failed login attempts
      89 |     for (let i = 0; i < 5; i++) {
        at /Users/carolbonk/Desktop/FairMediator/backend/tests/e2e/auth-flow.spec.js:86:16

    attachment #1: video (video/webm) ──────────────────────────────────────────────────────────────
    ../../test-results/auth-flow-Authentication-F-56dcc-after-failed-login-attempts-Mobile-Chrome/video.webm
    ────────────────────────────────────────────────────────────────────────────────────────────────
]]>
</failure>
<system-out>
<![CDATA[
[[ATTACHMENT|../test-results/auth-flow-Authentication-F-56dcc-after-failed-login-attempts-Mobile-Chrome/video.webm]]
]]>
</system-out>
</testcase>
<testcase name="Mediator Search Flow › should search and view mediators" classname="auth-flow.spec.js" time="41.372">
<failure message="auth-flow.spec.js:106:3 should search and view mediators" type="FAILURE">
<![CDATA[  [Mobile Chrome] › auth-flow.spec.js:106:3 › Mediator Search Flow › should search and view mediators 

    Test timeout of 30000ms exceeded.

    Error: page.goto: net::ERR_ABORTED; maybe frame was detached?
    Call log:
      - navigating to "http://localhost:3000/login", waiting until "load"


      106 |   test('should search and view mediators', async ({ page }) => {
      107 |     // Login first
    > 108 |     await page.goto('/login');
          |                ^
      109 |     await page.fill('input[name="email"]', 'test@example.com');
      110 |     await page.fill('input[name="password"]', 'TestPassword123!');
      111 |     await page.click('button[type="submit"]');
        at /Users/carolbonk/Desktop/FairMediator/backend/tests/e2e/auth-flow.spec.js:108:16

    attachment #1: video (video/webm) ──────────────────────────────────────────────────────────────
    ../../test-results/auth-flow-Mediator-Search--a71ff-d-search-and-view-mediators-Mobile-Chrome/video.webm
    ────────────────────────────────────────────────────────────────────────────────────────────────
]]>
</failure>
<system-out>
<![CDATA[
[[ATTACHMENT|../test-results/auth-flow-Mediator-Search--a71ff-d-search-and-view-mediators-Mobile-Chrome/video.webm]]
]]>
</system-out>
</testcase>
<testcase name="Subscription Flow › should upgrade subscription" classname="auth-flow.spec.js" time="41.239">
<failure message="auth-flow.spec.js:141:3 should upgrade subscription" type="FAILURE">
<![CDATA[  [Mobile Chrome] › auth-flow.spec.js:141:3 › Subscription Flow › should upgrade subscription ──────

    Test timeout of 30000ms exceeded.

    Error: page.goto: net::ERR_ABORTED; maybe frame was detached?
    Call log:
      - navigating to "http://localhost:3000/login", waiting until "load"


      141 |   test('should upgrade subscription', async ({ page }) => {
      142 |     // Login
    > 143 |     await page.goto('/login');
          |                ^
      144 |     await page.fill('input[name="email"]', 'test@example.com');
      145 |     await page.fill('input[name="password"]', 'TestPassword123!');
      146 |     await page.click('button[type="submit"]');
        at /Users/carolbonk/Desktop/FairMediator/backend/tests/e2e/auth-flow.spec.js:143:16

    attachment #1: video (video/webm) ──────────────────────────────────────────────────────────────
    ../../test-results/auth-flow-Subscription-Flow-should-upgrade-subscription-Mobile-Chrome/video.webm
    ────────────────────────────────────────────────────────────────────────────────────────────────
]]>
</failure>
<system-out>
<![CDATA[
[[ATTACHMENT|../test-results/auth-flow-Subscription-Flow-should-upgrade-subscription-Mobile-Chrome/video.webm]]
]]>
</system-out>
</testcase>
</testsuite>
<testsuite name="auth-flow.spec.js" timestamp="2025-12-26T22:07:15.623Z" hostname="Mobile Safari" tests="6" failures="6" skipped="0" time="180.553" errors="0">
<testcase name="Authentication Flow › should complete full registration and login flow" classname="auth-flow.spec.js" time="30.115">
<failure message="auth-flow.spec.js:12:3 should complete full registration and login flow" type="FAILURE">
<![CDATA[  [Mobile Safari] › auth-flow.spec.js:12:3 › Authentication Flow › should complete full registration and login flow 

    Test timeout of 30000ms exceeded.

    Error: page.goto: Test timeout of 30000ms exceeded.
    Call log:
      - navigating to "http://localhost:3000/", waiting until "load"


      12 |   test('should complete full registration and login flow', async ({ page }) => {
      13 |     // Navigate to homepage
    > 14 |     await page.goto('/');
         |                ^
      15 |
      16 |     // Click on Register button
      17 |     await page.click('text=Register');
        at /Users/carolbonk/Desktop/FairMediator/backend/tests/e2e/auth-flow.spec.js:14:16

    attachment #1: screenshot (image/png) ──────────────────────────────────────────────────────────
    ../../test-results/auth-flow-Authentication-F-4e71c-registration-and-login-flow-Mobile-Safari/test-failed-1.png
    ────────────────────────────────────────────────────────────────────────────────────────────────

    attachment #2: video (video/webm) ──────────────────────────────────────────────────────────────
    ../../test-results/auth-flow-Authentication-F-4e71c-registration-and-login-flow-Mobile-Safari/video.webm
    ────────────────────────────────────────────────────────────────────────────────────────────────
]]>
</failure>
<system-out>
<![CDATA[
[[ATTACHMENT|../test-results/auth-flow-Authentication-F-4e71c-registration-and-login-flow-Mobile-Safari/test-failed-1.png]]

[[ATTACHMENT|../test-results/auth-flow-Authentication-F-4e71c-registration-and-login-flow-Mobile-Safari/video.webm]]
]]>
</system-out>
</testcase>
<testcase name="Authentication Flow › should show validation errors for invalid input" classname="auth-flow.spec.js" time="30.076">
<failure message="auth-flow.spec.js:57:3 should show validation errors for invalid input" type="FAILURE">
<![CDATA[  [Mobile Safari] › auth-flow.spec.js:57:3 › Authentication Flow › should show validation errors for invalid input 

    Test timeout of 30000ms exceeded.

    Error: page.goto: Test timeout of 30000ms exceeded.
    Call log:
      - navigating to "http://localhost:3000/register", waiting until "load"


      56 |
      57 |   test('should show validation errors for invalid input', async ({ page }) => {
    > 58 |     await page.goto('/register');
         |                ^
      59 |
      60 |     // Try to submit with invalid email
      61 |     await page.fill('input[name="email"]', 'not-an-email');
        at /Users/carolbonk/Desktop/FairMediator/backend/tests/e2e/auth-flow.spec.js:58:16

    attachment #1: screenshot (image/png) ──────────────────────────────────────────────────────────
    ../../test-results/auth-flow-Authentication-F-80f65-on-errors-for-invalid-input-Mobile-Safari/test-failed-1.png
    ────────────────────────────────────────────────────────────────────────────────────────────────

    attachment #2: video (video/webm) ──────────────────────────────────────────────────────────────
    ../../test-results/auth-flow-Authentication-F-80f65-on-errors-for-invalid-input-Mobile-Safari/video.webm
    ────────────────────────────────────────────────────────────────────────────────────────────────
]]>
</failure>
<system-out>
<![CDATA[
[[ATTACHMENT|../test-results/auth-flow-Authentication-F-80f65-on-errors-for-invalid-input-Mobile-Safari/test-failed-1.png]]

[[ATTACHMENT|../test-results/auth-flow-Authentication-F-80f65-on-errors-for-invalid-input-Mobile-Safari/video.webm]]
]]>
</system-out>
</testcase>
<testcase name="Authentication Flow › should prevent login with wrong credentials" classname="auth-flow.spec.js" time="30.082">
<failure message="auth-flow.spec.js:70:3 should prevent login with wrong credentials" type="FAILURE">
<![CDATA[  [Mobile Safari] › auth-flow.spec.js:70:3 › Authentication Flow › should prevent login with wrong credentials 

    Test timeout of 30000ms exceeded.

    Error: page.goto: Test timeout of 30000ms exceeded.
    Call log:
      - navigating to "http://localhost:3000/login", waiting until "load"


      69 |
      70 |   test('should prevent login with wrong credentials', async ({ page }) => {
    > 71 |     await page.goto('/login');
         |                ^
      72 |
      73 |     // Try to login with wrong credentials
      74 |     await page.fill('input[name="email"]', 'wrong@example.com');
        at /Users/carolbonk/Desktop/FairMediator/backend/tests/e2e/auth-flow.spec.js:71:16

    attachment #1: screenshot (image/png) ──────────────────────────────────────────────────────────
    ../../test-results/auth-flow-Authentication-F-c6855-ogin-with-wrong-credentials-Mobile-Safari/test-failed-1.png
    ────────────────────────────────────────────────────────────────────────────────────────────────

    attachment #2: video (video/webm) ──────────────────────────────────────────────────────────────
    ../../test-results/auth-flow-Authentication-F-c6855-ogin-with-wrong-credentials-Mobile-Safari/video.webm
    ────────────────────────────────────────────────────────────────────────────────────────────────
]]>
</failure>
<system-out>
<![CDATA[
[[ATTACHMENT|../test-results/auth-flow-Authentication-F-c6855-ogin-with-wrong-credentials-Mobile-Safari/test-failed-1.png]]

[[ATTACHMENT|../test-results/auth-flow-Authentication-F-c6855-ogin-with-wrong-credentials-Mobile-Safari/video.webm]]
]]>
</system-out>
</testcase>
<testcase name="Authentication Flow › should lock account after failed login attempts" classname="auth-flow.spec.js" time="30.098">
<failure message="auth-flow.spec.js:85:3 should lock account after failed login attempts" type="FAILURE">
<![CDATA[  [Mobile Safari] › auth-flow.spec.js:85:3 › Authentication Flow › should lock account after failed login attempts 

    Test timeout of 30000ms exceeded.

    Error: page.goto: Test timeout of 30000ms exceeded.
    Call log:
      - navigating to "http://localhost:3000/login", waiting until "load"


      84 |
      85 |   test('should lock account after failed login attempts', async ({ page }) => {
    > 86 |     await page.goto('/login');
         |                ^
      87 |
      88 |     // Make 5 failed login attempts
      89 |     for (let i = 0; i < 5; i++) {
        at /Users/carolbonk/Desktop/FairMediator/backend/tests/e2e/auth-flow.spec.js:86:16

    attachment #1: screenshot (image/png) ──────────────────────────────────────────────────────────
    ../../test-results/auth-flow-Authentication-F-56dcc-after-failed-login-attempts-Mobile-Safari/test-failed-1.png
    ────────────────────────────────────────────────────────────────────────────────────────────────

    attachment #2: video (video/webm) ──────────────────────────────────────────────────────────────
    ../../test-results/auth-flow-Authentication-F-56dcc-after-failed-login-attempts-Mobile-Safari/video.webm
    ────────────────────────────────────────────────────────────────────────────────────────────────
]]>
</failure>
<system-out>
<![CDATA[
[[ATTACHMENT|../test-results/auth-flow-Authentication-F-56dcc-after-failed-login-attempts-Mobile-Safari/test-failed-1.png]]

[[ATTACHMENT|../test-results/auth-flow-Authentication-F-56dcc-after-failed-login-attempts-Mobile-Safari/video.webm]]
]]>
</system-out>
</testcase>
<testcase name="Mediator Search Flow › should search and view mediators" classname="auth-flow.spec.js" time="30.119">
<failure message="auth-flow.spec.js:106:3 should search and view mediators" type="FAILURE">
<![CDATA[  [Mobile Safari] › auth-flow.spec.js:106:3 › Mediator Search Flow › should search and view mediators 

    Test timeout of 30000ms exceeded.

    Error: page.goto: Test timeout of 30000ms exceeded.
    Call log:
      - navigating to "http://localhost:3000/login", waiting until "load"


      106 |   test('should search and view mediators', async ({ page }) => {
      107 |     // Login first
    > 108 |     await page.goto('/login');
          |                ^
      109 |     await page.fill('input[name="email"]', 'test@example.com');
      110 |     await page.fill('input[name="password"]', 'TestPassword123!');
      111 |     await page.click('button[type="submit"]');
        at /Users/carolbonk/Desktop/FairMediator/backend/tests/e2e/auth-flow.spec.js:108:16

    attachment #1: screenshot (image/png) ──────────────────────────────────────────────────────────
    ../../test-results/auth-flow-Mediator-Search--a71ff-d-search-and-view-mediators-Mobile-Safari/test-failed-1.png
    ────────────────────────────────────────────────────────────────────────────────────────────────

    attachment #2: video (video/webm) ──────────────────────────────────────────────────────────────
    ../../test-results/auth-flow-Mediator-Search--a71ff-d-search-and-view-mediators-Mobile-Safari/video.webm
    ────────────────────────────────────────────────────────────────────────────────────────────────
]]>
</failure>
<system-out>
<![CDATA[
[[ATTACHMENT|../test-results/auth-flow-Mediator-Search--a71ff-d-search-and-view-mediators-Mobile-Safari/test-failed-1.png]]

[[ATTACHMENT|../test-results/auth-flow-Mediator-Search--a71ff-d-search-and-view-mediators-Mobile-Safari/video.webm]]
]]>
</system-out>
</testcase>
<testcase name="Subscription Flow › should upgrade subscription" classname="auth-flow.spec.js" time="30.063">
<failure message="auth-flow.spec.js:141:3 should upgrade subscription" type="FAILURE">
<![CDATA[  [Mobile Safari] › auth-flow.spec.js:141:3 › Subscription Flow › should upgrade subscription ──────

    Test timeout of 30000ms exceeded.

    Error: page.goto: Test timeout of 30000ms exceeded.
    Call log:
      - navigating to "http://localhost:3000/login", waiting until "load"


      141 |   test('should upgrade subscription', async ({ page }) => {
      142 |     // Login
    > 143 |     await page.goto('/login');
          |                ^
      144 |     await page.fill('input[name="email"]', 'test@example.com');
      145 |     await page.fill('input[name="password"]', 'TestPassword123!');
      146 |     await page.click('button[type="submit"]');
        at /Users/carolbonk/Desktop/FairMediator/backend/tests/e2e/auth-flow.spec.js:143:16

    attachment #1: screenshot (image/png) ──────────────────────────────────────────────────────────
    ../../test-results/auth-flow-Subscription-Flow-should-upgrade-subscription-Mobile-Safari/test-failed-1.png
    ────────────────────────────────────────────────────────────────────────────────────────────────

    attachment #2: video (video/webm) ──────────────────────────────────────────────────────────────
    ../../test-results/auth-flow-Subscription-Flow-should-upgrade-subscription-Mobile-Safari/video.webm
    ────────────────────────────────────────────────────────────────────────────────────────────────
]]>
</failure>
<system-out>
<![CDATA[
[[ATTACHMENT|../test-results/auth-flow-Subscription-Flow-should-upgrade-subscription-Mobile-Safari/test-failed-1.png]]

[[ATTACHMENT|../test-results/auth-flow-Subscription-Flow-should-upgrade-subscription-Mobile-Safari/video.webm]]
]]>
</system-out>
</testcase>
</testsuite>
</testsuites>